<?xml version="1.0" encoding="UTF-8"?>
<testng-results skipped="0" failed="0" total="1" passed="1">
  <reporter-output>
  </reporter-output>
  <suite name="Suite" duration-ms="18009" started-at="2018-08-11T16:13:18Z" finished-at="2018-08-11T16:13:36Z">
    <groups>
      <group name="cucumber">
        <method signature="AbstractTestNGCucumberTests.feature(cucumber.api.testng.CucumberFeatureWrapper)[pri:0, instance:com.BDD.BDD_TestNG.Runner@fbd816]" name="feature" class="cucumber.api.testng.AbstractTestNGCucumberTests"/>
      </group> <!-- cucumber -->
    </groups>
    <test name="Test" duration-ms="18009" started-at="2018-08-11T16:13:18Z" finished-at="2018-08-11T16:13:36Z">
      <class name="com.BDD.BDD_TestNG.Runner">
        <test-method status="PASS" signature="setUpClass()[pri:0, instance:com.BDD.BDD_TestNG.Runner@fbd816]" name="setUpClass" is-config="true" duration-ms="686" started-at="2018-08-11T21:43:18Z" finished-at="2018-08-11T21:43:19Z">
          <reporter-output>
          </reporter-output>
        </test-method> <!-- setUpClass -->
        <test-method status="PASS" signature="feature(cucumber.api.testng.CucumberFeatureWrapper)[pri:0, instance:com.BDD.BDD_TestNG.Runner@fbd816]" name="feature" duration-ms="17116" started-at="2018-08-11T21:43:19Z" description="Runs Cucumber Feature" data-provider="features" finished-at="2018-08-11T21:43:36Z">
          <params>
            <param index="0">
              <value>
                <![CDATA[Filling enquiry form with multiple scenario]]>
              </value>
            </param>
          </params>
          <reporter-output>
          </reporter-output>
        </test-method> <!-- feature -->
        <test-method status="PASS" signature="tearDownClass()[pri:0, instance:com.BDD.BDD_TestNG.Runner@fbd816]" name="tearDownClass" is-config="true" duration-ms="5" started-at="2018-08-11T21:43:36Z" finished-at="2018-08-11T21:43:36Z">
          <reporter-output>
          </reporter-output>
        </test-method> <!-- tearDownClass -->
      </class> <!-- com.BDD.BDD_TestNG.Runner -->
    </test> <!-- Test -->
  </suite> <!-- Suite -->
</testng-results>
